2025-04-13 23:02:59 INFO  c.e.StartSuit.StartSuitApplication - Starting StartSuitApplication using Java 17.0.5 with PID 29620 (C:\Users\ASUS\OneDrive\Desktop\Interview prep\spring-boot-learn\target\classes started by ASUS in C:\Users\ASUS\OneDrive\Desktop\Interview prep\spring-boot-learn)
2025-04-13 23:02:59 INFO  c.e.StartSuit.StartSuitApplication - No active profile set, falling back to 1 default profile: "default"
2025-04-13 23:02:59 INFO  o.s.b.d.restart.ChangeableUrls - The Class-Path manifest attribute in C:\Users\ASUS\.m2\repository\com\oracle\database\jdbc\ojdbc8\19.3.0.0\ojdbc8-19.3.0.0.jar referenced one or more files that do not exist: file:/C:/Users/ASUS/.m2/repository/com/oracle/database/jdbc/ojdbc8/19.3.0.0/oraclepki.jar
2025-04-13 23:02:59 INFO  o.s.b.d.restart.ChangeableUrls - The Class-Path manifest attribute in C:\Users\ASUS\.m2\repository\com\oracle\database\security\oraclepki\21.9.0.0\oraclepki-21.9.0.0.jar referenced one or more files that do not exist: file:/C:/Users/ASUS/.m2/repository/com/oracle/database/security/oraclepki/21.9.0.0/osdt_core.jar,file:/C:/Users/ASUS/.m2/repository/com/oracle/database/security/oraclepki/21.9.0.0/osdt_cert.jar,file:/C:/Users/ASUS/.m2/repository/com/oracle/database/security/oraclepki/oracle.osdt/osdt_core.jar,file:/C:/Users/ASUS/.m2/repository/com/oracle/database/security/oraclepki/oracle.osdt/osdt_cert.jar
2025-04-13 23:02:59 INFO  o.s.b.d.e.DevToolsPropertyDefaultsPostProcessor - Devtools property defaults active! Set 'spring.devtools.add-properties' to 'false' to disable
2025-04-13 23:02:59 INFO  o.s.b.d.e.DevToolsPropertyDefaultsPostProcessor - For additional web related logging consider setting the 'logging.level.web' property to 'DEBUG'
2025-04-13 23:03:00 INFO  o.s.d.r.c.RepositoryConfigurationDelegate - Bootstrapping Spring Data JPA repositories in DEFAULT mode.
2025-04-13 23:03:00 INFO  o.s.d.r.c.RepositoryConfigurationDelegate - Finished Spring Data repository scanning in 76 ms. Found 2 JPA repository interfaces.
2025-04-13 23:03:01 INFO  o.s.b.w.e.tomcat.TomcatWebServer - Tomcat initialized with port 8080 (http)
2025-04-13 23:03:01 INFO  o.a.coyote.http11.Http11NioProtocol - Initializing ProtocolHandler ["http-nio-8080"]
2025-04-13 23:03:01 INFO  o.a.catalina.core.StandardService - Starting service [Tomcat]
2025-04-13 23:03:01 INFO  o.a.catalina.core.StandardEngine - Starting Servlet engine: [Apache Tomcat/10.1.39]
2025-04-13 23:03:01 INFO  o.a.c.c.C.[Tomcat].[localhost].[/] - Initializing Spring embedded WebApplicationContext
2025-04-13 23:03:01 INFO  o.s.b.w.s.c.ServletWebServerApplicationContext - Root WebApplicationContext: initialization completed in 2265 ms
2025-04-13 23:03:02 INFO  o.h.jpa.internal.util.LogHelper - HHH000204: Processing PersistenceUnitInfo [name: default]
2025-04-13 23:03:02 INFO  org.hibernate.Version - HHH000412: Hibernate ORM core version 6.5.3.Final
2025-04-13 23:03:02 INFO  o.h.c.i.RegionFactoryInitiator - HHH000026: Second-level cache disabled
2025-04-13 23:03:02 INFO  o.s.o.j.p.SpringPersistenceUnitInfo - No LoadTimeWeaver setup: ignoring JPA class transformer
2025-04-13 23:03:02 INFO  com.zaxxer.hikari.HikariDataSource - HikariPool-1 - Starting...
2025-04-13 23:03:03 INFO  com.zaxxer.hikari.pool.HikariPool - HikariPool-1 - Added connection oracle.jdbc.driver.T4CConnection@288979bf
2025-04-13 23:03:03 INFO  com.zaxxer.hikari.HikariDataSource - HikariPool-1 - Start completed.
2025-04-13 23:03:03 WARN  org.hibernate.orm.deprecation - HHH90000025: OracleDialect does not need to be specified explicitly using 'hibernate.dialect' (remove the property setting and it will be selected by default)
2025-04-13 23:03:04 INFO  o.h.e.t.j.p.i.JtaPlatformInitiator - HHH000489: No JTA platform available (set 'hibernate.transaction.jta.platform' to enable JTA platform integration)
2025-04-13 23:03:04 INFO  o.s.o.j.LocalContainerEntityManagerFactoryBean - Initialized JPA EntityManagerFactory for persistence unit 'default'
2025-04-13 23:03:04 WARN  o.s.b.a.o.j.JpaBaseConfiguration$JpaWebConfiguration - spring.jpa.open-in-view is enabled by default. Therefore, database queries may be performed during view rendering. Explicitly configure spring.jpa.open-in-view to disable this warning
2025-04-13 23:03:04 INFO  o.s.s.c.a.a.c.InitializeUserDetailsBeanManagerConfigurer$InitializeUserDetailsManagerConfigurer - Global AuthenticationManager configured with UserDetailsService bean with name customUserDetailsService
2025-04-13 23:03:05 INFO  c.example.StartSuit.SecurityConfig - 🔧 Configuring security filter chain
2025-04-13 23:03:05 INFO  c.example.StartSuit.SecurityConfig - 🔧 Configuring security filter chain-- ENDSSS
2025-04-13 23:03:05 INFO  o.s.b.d.a.OptionalLiveReloadServer - LiveReload server is running on port 35729
2025-04-13 23:03:05 INFO  o.a.coyote.http11.Http11NioProtocol - Starting ProtocolHandler ["http-nio-8080"]
2025-04-13 23:03:05 INFO  o.s.b.w.e.tomcat.TomcatWebServer - Tomcat started on port 8080 (http) with context path '/'
2025-04-13 23:03:05 INFO  c.e.StartSuit.StartSuitApplication - Started StartSuitApplication in 6.656 seconds (process running for 7.307)
2025-04-13 23:03:23 INFO  o.a.c.c.C.[Tomcat].[localhost].[/] - Initializing Spring DispatcherServlet 'dispatcherServlet'
2025-04-13 23:03:23 INFO  o.s.web.servlet.DispatcherServlet - Initializing Servlet 'dispatcherServlet'
2025-04-13 23:03:23 INFO  o.s.web.servlet.DispatcherServlet - Completed initialization in 1 ms
2025-04-13 23:03:33 INFO  c.e.S.controller.AuthController - register page ----
2025-04-13 23:03:50 INFO  c.e.S.controller.LoginController - login page ----
2025-04-13 23:04:28 INFO  c.e.S.s.CustomUserDetailsService - entering loadUserByUsername
2025-04-13 23:04:28 INFO  c.e.S.s.CustomUserDetailsService - User found: lalit
2025-04-13 23:04:28 INFO  c.e.S.s.CustomUserDetailsService - Encoded password from DB: $2a$10$iEhv0qTjfy.J5wm2Lr9jxee/N40pFuQXNc70tuLXnZxes9g49SeEq
2025-04-13 23:06:11 INFO  c.e.StartSuit.StartSuitApplication - Starting StartSuitApplication using Java 17.0.5 with PID 27896 (C:\Users\ASUS\OneDrive\Desktop\Interview prep\spring-boot-learn\target\classes started by ASUS in C:\Users\ASUS\OneDrive\Desktop\Interview prep\spring-boot-learn)
2025-04-13 23:06:11 INFO  c.e.StartSuit.StartSuitApplication - No active profile set, falling back to 1 default profile: "default"
2025-04-13 23:06:11 INFO  o.s.b.d.restart.ChangeableUrls - The Class-Path manifest attribute in C:\Users\ASUS\.m2\repository\com\oracle\database\jdbc\ojdbc8\19.3.0.0\ojdbc8-19.3.0.0.jar referenced one or more files that do not exist: file:/C:/Users/ASUS/.m2/repository/com/oracle/database/jdbc/ojdbc8/19.3.0.0/oraclepki.jar
2025-04-13 23:06:11 INFO  o.s.b.d.restart.ChangeableUrls - The Class-Path manifest attribute in C:\Users\ASUS\.m2\repository\com\oracle\database\security\oraclepki\21.9.0.0\oraclepki-21.9.0.0.jar referenced one or more files that do not exist: file:/C:/Users/ASUS/.m2/repository/com/oracle/database/security/oraclepki/21.9.0.0/osdt_core.jar,file:/C:/Users/ASUS/.m2/repository/com/oracle/database/security/oraclepki/21.9.0.0/osdt_cert.jar,file:/C:/Users/ASUS/.m2/repository/com/oracle/database/security/oraclepki/oracle.osdt/osdt_core.jar,file:/C:/Users/ASUS/.m2/repository/com/oracle/database/security/oraclepki/oracle.osdt/osdt_cert.jar
2025-04-13 23:06:11 INFO  o.s.b.d.e.DevToolsPropertyDefaultsPostProcessor - Devtools property defaults active! Set 'spring.devtools.add-properties' to 'false' to disable
2025-04-13 23:06:11 INFO  o.s.b.d.e.DevToolsPropertyDefaultsPostProcessor - For additional web related logging consider setting the 'logging.level.web' property to 'DEBUG'
2025-04-13 23:06:12 INFO  o.s.d.r.c.RepositoryConfigurationDelegate - Bootstrapping Spring Data JPA repositories in DEFAULT mode.
2025-04-13 23:06:12 INFO  o.s.d.r.c.RepositoryConfigurationDelegate - Finished Spring Data repository scanning in 98 ms. Found 2 JPA repository interfaces.
2025-04-13 23:06:13 INFO  o.s.b.w.e.tomcat.TomcatWebServer - Tomcat initialized with port 8080 (http)
2025-04-13 23:06:13 INFO  o.a.coyote.http11.Http11NioProtocol - Initializing ProtocolHandler ["http-nio-8080"]
2025-04-13 23:06:13 INFO  o.a.catalina.core.StandardService - Starting service [Tomcat]
2025-04-13 23:06:13 INFO  o.a.catalina.core.StandardEngine - Starting Servlet engine: [Apache Tomcat/10.1.39]
2025-04-13 23:06:14 INFO  o.a.c.c.C.[Tomcat].[localhost].[/] - Initializing Spring embedded WebApplicationContext
2025-04-13 23:06:14 INFO  o.s.b.w.s.c.ServletWebServerApplicationContext - Root WebApplicationContext: initialization completed in 2424 ms
2025-04-13 23:06:14 INFO  o.h.jpa.internal.util.LogHelper - HHH000204: Processing PersistenceUnitInfo [name: default]
2025-04-13 23:06:14 INFO  org.hibernate.Version - HHH000412: Hibernate ORM core version 6.5.3.Final
2025-04-13 23:06:14 INFO  o.h.c.i.RegionFactoryInitiator - HHH000026: Second-level cache disabled
2025-04-13 23:06:14 INFO  o.s.o.j.p.SpringPersistenceUnitInfo - No LoadTimeWeaver setup: ignoring JPA class transformer
2025-04-13 23:06:15 INFO  com.zaxxer.hikari.HikariDataSource - HikariPool-1 - Starting...
2025-04-13 23:06:15 INFO  com.zaxxer.hikari.pool.HikariPool - HikariPool-1 - Added connection oracle.jdbc.driver.T4CConnection@382cfb
2025-04-13 23:06:15 INFO  com.zaxxer.hikari.HikariDataSource - HikariPool-1 - Start completed.
2025-04-13 23:06:15 WARN  org.hibernate.orm.deprecation - HHH90000025: OracleDialect does not need to be specified explicitly using 'hibernate.dialect' (remove the property setting and it will be selected by default)
2025-04-13 23:06:16 INFO  o.h.e.t.j.p.i.JtaPlatformInitiator - HHH000489: No JTA platform available (set 'hibernate.transaction.jta.platform' to enable JTA platform integration)
2025-04-13 23:06:16 INFO  o.s.o.j.LocalContainerEntityManagerFactoryBean - Initialized JPA EntityManagerFactory for persistence unit 'default'
2025-04-13 23:06:17 WARN  o.s.b.a.o.j.JpaBaseConfiguration$JpaWebConfiguration - spring.jpa.open-in-view is enabled by default. Therefore, database queries may be performed during view rendering. Explicitly configure spring.jpa.open-in-view to disable this warning
2025-04-13 23:06:17 INFO  o.s.s.c.a.a.c.InitializeUserDetailsBeanManagerConfigurer$InitializeUserDetailsManagerConfigurer - Global AuthenticationManager configured with UserDetailsService bean with name customUserDetailsService
2025-04-13 23:06:17 INFO  c.example.StartSuit.SecurityConfig - 🔧 Configuring security filter chain
2025-04-13 23:06:17 INFO  c.example.StartSuit.SecurityConfig - 🔧 Configuring security filter chain-- ENDSSS
2025-04-13 23:06:17 INFO  o.s.b.d.a.OptionalLiveReloadServer - LiveReload server is running on port 35729
2025-04-13 23:06:17 INFO  o.a.coyote.http11.Http11NioProtocol - Starting ProtocolHandler ["http-nio-8080"]
2025-04-13 23:06:17 INFO  o.s.b.w.e.tomcat.TomcatWebServer - Tomcat started on port 8080 (http) with context path '/'
2025-04-13 23:06:17 INFO  c.e.StartSuit.StartSuitApplication - Started StartSuitApplication in 6.801 seconds (process running for 7.541)
2025-04-13 23:06:27 INFO  o.a.c.c.C.[Tomcat].[localhost].[/] - Initializing Spring DispatcherServlet 'dispatcherServlet'
2025-04-13 23:06:27 INFO  o.s.web.servlet.DispatcherServlet - Initializing Servlet 'dispatcherServlet'
2025-04-13 23:06:27 INFO  o.s.web.servlet.DispatcherServlet - Completed initialization in 1 ms
2025-04-13 23:06:27 INFO  c.e.S.controller.AuthController - register page ----
2025-04-13 23:07:16 INFO  c.e.S.controller.LoginController - login page ----
2025-04-13 23:08:49 INFO  c.e.StartSuit.StartSuitApplication - Starting StartSuitApplication using Java 17.0.5 with PID 20660 (C:\Users\ASUS\OneDrive\Desktop\Interview prep\spring-boot-learn\target\classes started by ASUS in C:\Users\ASUS\OneDrive\Desktop\Interview prep\spring-boot-learn)
2025-04-13 23:08:49 INFO  c.e.StartSuit.StartSuitApplication - No active profile set, falling back to 1 default profile: "default"
2025-04-13 23:08:49 INFO  o.s.b.d.restart.ChangeableUrls - The Class-Path manifest attribute in C:\Users\ASUS\.m2\repository\com\oracle\database\jdbc\ojdbc8\19.3.0.0\ojdbc8-19.3.0.0.jar referenced one or more files that do not exist: file:/C:/Users/ASUS/.m2/repository/com/oracle/database/jdbc/ojdbc8/19.3.0.0/oraclepki.jar
2025-04-13 23:08:49 INFO  o.s.b.d.restart.ChangeableUrls - The Class-Path manifest attribute in C:\Users\ASUS\.m2\repository\com\oracle\database\security\oraclepki\21.9.0.0\oraclepki-21.9.0.0.jar referenced one or more files that do not exist: file:/C:/Users/ASUS/.m2/repository/com/oracle/database/security/oraclepki/21.9.0.0/osdt_core.jar,file:/C:/Users/ASUS/.m2/repository/com/oracle/database/security/oraclepki/21.9.0.0/osdt_cert.jar,file:/C:/Users/ASUS/.m2/repository/com/oracle/database/security/oraclepki/oracle.osdt/osdt_core.jar,file:/C:/Users/ASUS/.m2/repository/com/oracle/database/security/oraclepki/oracle.osdt/osdt_cert.jar
2025-04-13 23:08:49 INFO  o.s.b.d.e.DevToolsPropertyDefaultsPostProcessor - Devtools property defaults active! Set 'spring.devtools.add-properties' to 'false' to disable
2025-04-13 23:08:49 INFO  o.s.b.d.e.DevToolsPropertyDefaultsPostProcessor - For additional web related logging consider setting the 'logging.level.web' property to 'DEBUG'
2025-04-13 23:08:50 INFO  o.s.d.r.c.RepositoryConfigurationDelegate - Bootstrapping Spring Data JPA repositories in DEFAULT mode.
2025-04-13 23:08:50 INFO  o.s.d.r.c.RepositoryConfigurationDelegate - Finished Spring Data repository scanning in 72 ms. Found 2 JPA repository interfaces.
2025-04-13 23:08:51 INFO  o.s.b.w.e.tomcat.TomcatWebServer - Tomcat initialized with port 8080 (http)
2025-04-13 23:08:51 INFO  o.a.coyote.http11.Http11NioProtocol - Initializing ProtocolHandler ["http-nio-8080"]
2025-04-13 23:08:51 INFO  o.a.catalina.core.StandardService - Starting service [Tomcat]
2025-04-13 23:08:51 INFO  o.a.catalina.core.StandardEngine - Starting Servlet engine: [Apache Tomcat/10.1.39]
2025-04-13 23:08:51 INFO  o.a.c.c.C.[Tomcat].[localhost].[/] - Initializing Spring embedded WebApplicationContext
2025-04-13 23:08:51 INFO  o.s.b.w.s.c.ServletWebServerApplicationContext - Root WebApplicationContext: initialization completed in 2175 ms
2025-04-13 23:08:51 INFO  o.h.jpa.internal.util.LogHelper - HHH000204: Processing PersistenceUnitInfo [name: default]
2025-04-13 23:08:52 INFO  org.hibernate.Version - HHH000412: Hibernate ORM core version 6.5.3.Final
2025-04-13 23:08:52 INFO  o.h.c.i.RegionFactoryInitiator - HHH000026: Second-level cache disabled
2025-04-13 23:08:52 INFO  o.s.o.j.p.SpringPersistenceUnitInfo - No LoadTimeWeaver setup: ignoring JPA class transformer
2025-04-13 23:08:52 INFO  com.zaxxer.hikari.HikariDataSource - HikariPool-1 - Starting...
2025-04-13 23:08:52 INFO  com.zaxxer.hikari.pool.HikariPool - HikariPool-1 - Added connection oracle.jdbc.driver.T4CConnection@5fc63b41
2025-04-13 23:08:52 INFO  com.zaxxer.hikari.HikariDataSource - HikariPool-1 - Start completed.
2025-04-13 23:08:53 WARN  org.hibernate.orm.deprecation - HHH90000025: OracleDialect does not need to be specified explicitly using 'hibernate.dialect' (remove the property setting and it will be selected by default)
2025-04-13 23:08:54 INFO  o.h.e.t.j.p.i.JtaPlatformInitiator - HHH000489: No JTA platform available (set 'hibernate.transaction.jta.platform' to enable JTA platform integration)
2025-04-13 23:08:54 INFO  o.s.o.j.LocalContainerEntityManagerFactoryBean - Initialized JPA EntityManagerFactory for persistence unit 'default'
2025-04-13 23:08:54 WARN  o.s.b.a.o.j.JpaBaseConfiguration$JpaWebConfiguration - spring.jpa.open-in-view is enabled by default. Therefore, database queries may be performed during view rendering. Explicitly configure spring.jpa.open-in-view to disable this warning
2025-04-13 23:08:54 INFO  o.s.s.c.a.a.c.InitializeUserDetailsBeanManagerConfigurer$InitializeUserDetailsManagerConfigurer - Global AuthenticationManager configured with UserDetailsService bean with name customUserDetailsService
2025-04-13 23:08:55 INFO  c.example.StartSuit.SecurityConfig - 🔧 Configuring security filter chain
2025-04-13 23:08:55 INFO  c.example.StartSuit.SecurityConfig - 🔧 Configuring security filter chain-- ENDSSS
2025-04-13 23:08:55 INFO  o.s.b.d.a.OptionalLiveReloadServer - LiveReload server is running on port 35729
2025-04-13 23:08:55 INFO  o.a.coyote.http11.Http11NioProtocol - Starting ProtocolHandler ["http-nio-8080"]
2025-04-13 23:08:55 INFO  o.s.b.w.e.tomcat.TomcatWebServer - Tomcat started on port 8080 (http) with context path '/'
2025-04-13 23:08:55 INFO  c.e.StartSuit.StartSuitApplication - Started StartSuitApplication in 6.683 seconds (process running for 7.514)
2025-04-13 23:09:03 INFO  o.a.c.c.C.[Tomcat].[localhost].[/] - Initializing Spring DispatcherServlet 'dispatcherServlet'
2025-04-13 23:09:03 INFO  o.s.web.servlet.DispatcherServlet - Initializing Servlet 'dispatcherServlet'
2025-04-13 23:09:03 INFO  o.s.web.servlet.DispatcherServlet - Completed initialization in 1 ms
2025-04-13 23:09:03 INFO  c.e.S.controller.AuthController - register page ----
2025-04-13 23:09:16 INFO  c.e.S.controller.LoginController - login page ----
2025-04-13 23:12:44 INFO  c.e.StartSuit.StartSuitApplication - Starting StartSuitApplication using Java 17.0.5 with PID 17524 (C:\Users\ASUS\OneDrive\Desktop\Interview prep\spring-boot-learn\target\classes started by ASUS in C:\Users\ASUS\OneDrive\Desktop\Interview prep\spring-boot-learn)
2025-04-13 23:12:44 INFO  c.e.StartSuit.StartSuitApplication - No active profile set, falling back to 1 default profile: "default"
2025-04-13 23:12:44 INFO  o.s.b.d.restart.ChangeableUrls - The Class-Path manifest attribute in C:\Users\ASUS\.m2\repository\com\oracle\database\jdbc\ojdbc8\19.3.0.0\ojdbc8-19.3.0.0.jar referenced one or more files that do not exist: file:/C:/Users/ASUS/.m2/repository/com/oracle/database/jdbc/ojdbc8/19.3.0.0/oraclepki.jar
2025-04-13 23:12:44 INFO  o.s.b.d.restart.ChangeableUrls - The Class-Path manifest attribute in C:\Users\ASUS\.m2\repository\com\oracle\database\security\oraclepki\21.9.0.0\oraclepki-21.9.0.0.jar referenced one or more files that do not exist: file:/C:/Users/ASUS/.m2/repository/com/oracle/database/security/oraclepki/21.9.0.0/osdt_core.jar,file:/C:/Users/ASUS/.m2/repository/com/oracle/database/security/oraclepki/21.9.0.0/osdt_cert.jar,file:/C:/Users/ASUS/.m2/repository/com/oracle/database/security/oraclepki/oracle.osdt/osdt_core.jar,file:/C:/Users/ASUS/.m2/repository/com/oracle/database/security/oraclepki/oracle.osdt/osdt_cert.jar
2025-04-13 23:12:44 INFO  o.s.b.d.e.DevToolsPropertyDefaultsPostProcessor - Devtools property defaults active! Set 'spring.devtools.add-properties' to 'false' to disable
2025-04-13 23:12:44 INFO  o.s.b.d.e.DevToolsPropertyDefaultsPostProcessor - For additional web related logging consider setting the 'logging.level.web' property to 'DEBUG'
2025-04-13 23:12:45 INFO  o.s.d.r.c.RepositoryConfigurationDelegate - Bootstrapping Spring Data JPA repositories in DEFAULT mode.
2025-04-13 23:12:45 INFO  o.s.d.r.c.RepositoryConfigurationDelegate - Finished Spring Data repository scanning in 76 ms. Found 2 JPA repository interfaces.
2025-04-13 23:12:46 INFO  o.s.b.w.e.tomcat.TomcatWebServer - Tomcat initialized with port 8080 (http)
2025-04-13 23:12:46 INFO  o.a.coyote.http11.Http11NioProtocol - Initializing ProtocolHandler ["http-nio-8080"]
2025-04-13 23:12:46 INFO  o.a.catalina.core.StandardService - Starting service [Tomcat]
2025-04-13 23:12:46 INFO  o.a.catalina.core.StandardEngine - Starting Servlet engine: [Apache Tomcat/10.1.39]
2025-04-13 23:12:46 INFO  o.a.c.c.C.[Tomcat].[localhost].[/] - Initializing Spring embedded WebApplicationContext
2025-04-13 23:12:46 INFO  o.s.b.w.s.c.ServletWebServerApplicationContext - Root WebApplicationContext: initialization completed in 2022 ms
2025-04-13 23:12:46 INFO  o.h.jpa.internal.util.LogHelper - HHH000204: Processing PersistenceUnitInfo [name: default]
2025-04-13 23:12:46 INFO  org.hibernate.Version - HHH000412: Hibernate ORM core version 6.5.3.Final
2025-04-13 23:12:47 INFO  o.h.c.i.RegionFactoryInitiator - HHH000026: Second-level cache disabled
2025-04-13 23:12:47 INFO  o.s.o.j.p.SpringPersistenceUnitInfo - No LoadTimeWeaver setup: ignoring JPA class transformer
2025-04-13 23:12:47 INFO  com.zaxxer.hikari.HikariDataSource - HikariPool-1 - Starting...
2025-04-13 23:12:47 INFO  com.zaxxer.hikari.pool.HikariPool - HikariPool-1 - Added connection oracle.jdbc.driver.T4CConnection@4b7c10c9
2025-04-13 23:12:47 INFO  com.zaxxer.hikari.HikariDataSource - HikariPool-1 - Start completed.
2025-04-13 23:12:48 WARN  org.hibernate.orm.deprecation - HHH90000025: OracleDialect does not need to be specified explicitly using 'hibernate.dialect' (remove the property setting and it will be selected by default)
2025-04-13 23:12:49 INFO  o.h.e.t.j.p.i.JtaPlatformInitiator - HHH000489: No JTA platform available (set 'hibernate.transaction.jta.platform' to enable JTA platform integration)
2025-04-13 23:12:49 INFO  o.s.o.j.LocalContainerEntityManagerFactoryBean - Initialized JPA EntityManagerFactory for persistence unit 'default'
2025-04-13 23:12:49 WARN  o.s.b.a.o.j.JpaBaseConfiguration$JpaWebConfiguration - spring.jpa.open-in-view is enabled by default. Therefore, database queries may be performed during view rendering. Explicitly configure spring.jpa.open-in-view to disable this warning
2025-04-13 23:12:49 INFO  o.s.s.c.a.a.c.InitializeUserDetailsBeanManagerConfigurer$InitializeUserDetailsManagerConfigurer - Global AuthenticationManager configured with UserDetailsService bean with name customUserDetailsService
2025-04-13 23:12:50 INFO  c.example.StartSuit.SecurityConfig - 🔧 Configuring security filter chain
2025-04-13 23:12:50 INFO  c.example.StartSuit.SecurityConfig - 🔧 Configuring security filter chain-- ENDSSS
2025-04-13 23:12:50 WARN  o.s.b.d.a.OptionalLiveReloadServer - Unable to start LiveReload server
2025-04-13 23:12:50 INFO  o.a.coyote.http11.Http11NioProtocol - Starting ProtocolHandler ["http-nio-8080"]
2025-04-13 23:12:50 WARN  o.s.b.w.s.c.AnnotationConfigServletWebServerApplicationContext - Exception encountered during context initialization - cancelling refresh attempt: org.springframework.context.ApplicationContextException: Failed to start bean 'webServerStartStop'
2025-04-13 23:12:50 INFO  o.s.o.j.LocalContainerEntityManagerFactoryBean - Closing JPA EntityManagerFactory for persistence unit 'default'
2025-04-13 23:12:50 INFO  com.zaxxer.hikari.HikariDataSource - HikariPool-1 - Shutdown initiated...
2025-04-13 23:12:50 INFO  com.zaxxer.hikari.HikariDataSource - HikariPool-1 - Shutdown completed.
2025-04-13 23:12:50 INFO  o.s.b.a.l.ConditionEvaluationReportLogger - 

Error starting ApplicationContext. To display the condition evaluation report re-run your application with 'debug' enabled.
2025-04-13 23:12:50 ERROR o.s.b.d.LoggingFailureAnalysisReporter - 

***************************
APPLICATION FAILED TO START
***************************

Description:

Web server failed to start. Port 8080 was already in use.

Action:

Identify and stop the process that's listening on port 8080 or configure this application to listen on another port.

2025-04-13 23:13:01 INFO  c.e.StartSuit.StartSuitApplication - Starting StartSuitApplication using Java 17.0.5 with PID 21460 (C:\Users\ASUS\OneDrive\Desktop\Interview prep\spring-boot-learn\target\classes started by ASUS in C:\Users\ASUS\OneDrive\Desktop\Interview prep\spring-boot-learn)
2025-04-13 23:13:01 INFO  c.e.StartSuit.StartSuitApplication - No active profile set, falling back to 1 default profile: "default"
2025-04-13 23:13:01 INFO  o.s.b.d.restart.ChangeableUrls - The Class-Path manifest attribute in C:\Users\ASUS\.m2\repository\com\oracle\database\jdbc\ojdbc8\19.3.0.0\ojdbc8-19.3.0.0.jar referenced one or more files that do not exist: file:/C:/Users/ASUS/.m2/repository/com/oracle/database/jdbc/ojdbc8/19.3.0.0/oraclepki.jar
2025-04-13 23:13:01 INFO  o.s.b.d.restart.ChangeableUrls - The Class-Path manifest attribute in C:\Users\ASUS\.m2\repository\com\oracle\database\security\oraclepki\21.9.0.0\oraclepki-21.9.0.0.jar referenced one or more files that do not exist: file:/C:/Users/ASUS/.m2/repository/com/oracle/database/security/oraclepki/21.9.0.0/osdt_core.jar,file:/C:/Users/ASUS/.m2/repository/com/oracle/database/security/oraclepki/21.9.0.0/osdt_cert.jar,file:/C:/Users/ASUS/.m2/repository/com/oracle/database/security/oraclepki/oracle.osdt/osdt_core.jar,file:/C:/Users/ASUS/.m2/repository/com/oracle/database/security/oraclepki/oracle.osdt/osdt_cert.jar
2025-04-13 23:13:01 INFO  o.s.b.d.e.DevToolsPropertyDefaultsPostProcessor - Devtools property defaults active! Set 'spring.devtools.add-properties' to 'false' to disable
2025-04-13 23:13:01 INFO  o.s.b.d.e.DevToolsPropertyDefaultsPostProcessor - For additional web related logging consider setting the 'logging.level.web' property to 'DEBUG'
2025-04-13 23:13:02 INFO  o.s.d.r.c.RepositoryConfigurationDelegate - Bootstrapping Spring Data JPA repositories in DEFAULT mode.
2025-04-13 23:13:02 INFO  o.s.d.r.c.RepositoryConfigurationDelegate - Finished Spring Data repository scanning in 72 ms. Found 2 JPA repository interfaces.
2025-04-13 23:13:03 INFO  o.s.b.w.e.tomcat.TomcatWebServer - Tomcat initialized with port 8080 (http)
2025-04-13 23:13:03 INFO  o.a.coyote.http11.Http11NioProtocol - Initializing ProtocolHandler ["http-nio-8080"]
2025-04-13 23:13:03 INFO  o.a.catalina.core.StandardService - Starting service [Tomcat]
2025-04-13 23:13:03 INFO  o.a.catalina.core.StandardEngine - Starting Servlet engine: [Apache Tomcat/10.1.39]
2025-04-13 23:13:03 INFO  o.a.c.c.C.[Tomcat].[localhost].[/] - Initializing Spring embedded WebApplicationContext
2025-04-13 23:13:03 INFO  o.s.b.w.s.c.ServletWebServerApplicationContext - Root WebApplicationContext: initialization completed in 2139 ms
2025-04-13 23:13:04 INFO  o.h.jpa.internal.util.LogHelper - HHH000204: Processing PersistenceUnitInfo [name: default]
2025-04-13 23:13:04 INFO  org.hibernate.Version - HHH000412: Hibernate ORM core version 6.5.3.Final
2025-04-13 23:13:04 INFO  o.h.c.i.RegionFactoryInitiator - HHH000026: Second-level cache disabled
2025-04-13 23:13:04 INFO  o.s.o.j.p.SpringPersistenceUnitInfo - No LoadTimeWeaver setup: ignoring JPA class transformer
2025-04-13 23:13:04 INFO  com.zaxxer.hikari.HikariDataSource - HikariPool-1 - Starting...
2025-04-13 23:13:05 INFO  com.zaxxer.hikari.pool.HikariPool - HikariPool-1 - Added connection oracle.jdbc.driver.T4CConnection@34211819
2025-04-13 23:13:05 INFO  com.zaxxer.hikari.HikariDataSource - HikariPool-1 - Start completed.
2025-04-13 23:13:05 WARN  org.hibernate.orm.deprecation - HHH90000025: OracleDialect does not need to be specified explicitly using 'hibernate.dialect' (remove the property setting and it will be selected by default)
2025-04-13 23:13:06 INFO  o.h.e.t.j.p.i.JtaPlatformInitiator - HHH000489: No JTA platform available (set 'hibernate.transaction.jta.platform' to enable JTA platform integration)
2025-04-13 23:13:06 INFO  o.s.o.j.LocalContainerEntityManagerFactoryBean - Initialized JPA EntityManagerFactory for persistence unit 'default'
2025-04-13 23:13:06 WARN  o.s.b.a.o.j.JpaBaseConfiguration$JpaWebConfiguration - spring.jpa.open-in-view is enabled by default. Therefore, database queries may be performed during view rendering. Explicitly configure spring.jpa.open-in-view to disable this warning
2025-04-13 23:13:06 INFO  o.s.s.c.a.a.c.InitializeUserDetailsBeanManagerConfigurer$InitializeUserDetailsManagerConfigurer - Global AuthenticationManager configured with UserDetailsService bean with name customUserDetailsService
2025-04-13 23:13:06 INFO  c.example.StartSuit.SecurityConfig - 🔧 Configuring security filter chain
2025-04-13 23:13:07 INFO  c.example.StartSuit.SecurityConfig - 🔧 Configuring security filter chain-- ENDSSS
2025-04-13 23:13:07 INFO  o.s.b.d.a.OptionalLiveReloadServer - LiveReload server is running on port 35729
2025-04-13 23:13:07 INFO  o.a.coyote.http11.Http11NioProtocol - Starting ProtocolHandler ["http-nio-8080"]
2025-04-13 23:13:07 INFO  o.s.b.w.e.tomcat.TomcatWebServer - Tomcat started on port 8080 (http) with context path '/'
2025-04-13 23:13:07 INFO  c.e.StartSuit.StartSuitApplication - Started StartSuitApplication in 6.129 seconds (process running for 6.798)
2025-04-13 23:13:19 INFO  o.a.c.c.C.[Tomcat].[localhost].[/] - Initializing Spring DispatcherServlet 'dispatcherServlet'
2025-04-13 23:13:19 INFO  o.s.web.servlet.DispatcherServlet - Initializing Servlet 'dispatcherServlet'
2025-04-13 23:13:19 INFO  o.s.web.servlet.DispatcherServlet - Completed initialization in 1 ms
2025-04-13 23:13:19 INFO  c.e.S.controller.AuthController - register page ----
2025-04-13 23:13:33 INFO  c.e.S.controller.LoginController - login page ----
2025-04-13 23:14:05 INFO  c.e.StartSuit.StartSuitApplication - Starting StartSuitApplication using Java 17.0.5 with PID 9972 (C:\Users\ASUS\OneDrive\Desktop\Interview prep\spring-boot-learn\target\classes started by ASUS in C:\Users\ASUS\OneDrive\Desktop\Interview prep\spring-boot-learn)
2025-04-13 23:14:05 INFO  c.e.StartSuit.StartSuitApplication - No active profile set, falling back to 1 default profile: "default"
2025-04-13 23:14:17 INFO  c.e.StartSuit.StartSuitApplication - Starting StartSuitApplication using Java 17.0.5 with PID 17044 (C:\Users\ASUS\OneDrive\Desktop\Interview prep\spring-boot-learn\target\classes started by ASUS in C:\Users\ASUS\OneDrive\Desktop\Interview prep\spring-boot-learn)
2025-04-13 23:14:17 INFO  c.e.StartSuit.StartSuitApplication - No active profile set, falling back to 1 default profile: "default"
2025-04-13 23:14:17 INFO  o.s.b.d.restart.ChangeableUrls - The Class-Path manifest attribute in C:\Users\ASUS\.m2\repository\com\oracle\database\jdbc\ojdbc8\19.3.0.0\ojdbc8-19.3.0.0.jar referenced one or more files that do not exist: file:/C:/Users/ASUS/.m2/repository/com/oracle/database/jdbc/ojdbc8/19.3.0.0/oraclepki.jar
2025-04-13 23:14:17 INFO  o.s.b.d.restart.ChangeableUrls - The Class-Path manifest attribute in C:\Users\ASUS\.m2\repository\com\oracle\database\security\oraclepki\21.9.0.0\oraclepki-21.9.0.0.jar referenced one or more files that do not exist: file:/C:/Users/ASUS/.m2/repository/com/oracle/database/security/oraclepki/21.9.0.0/osdt_core.jar,file:/C:/Users/ASUS/.m2/repository/com/oracle/database/security/oraclepki/21.9.0.0/osdt_cert.jar,file:/C:/Users/ASUS/.m2/repository/com/oracle/database/security/oraclepki/oracle.osdt/osdt_core.jar,file:/C:/Users/ASUS/.m2/repository/com/oracle/database/security/oraclepki/oracle.osdt/osdt_cert.jar
2025-04-13 23:14:17 INFO  o.s.b.d.e.DevToolsPropertyDefaultsPostProcessor - Devtools property defaults active! Set 'spring.devtools.add-properties' to 'false' to disable
2025-04-13 23:14:17 INFO  o.s.b.d.e.DevToolsPropertyDefaultsPostProcessor - For additional web related logging consider setting the 'logging.level.web' property to 'DEBUG'
2025-04-13 23:14:18 INFO  o.s.d.r.c.RepositoryConfigurationDelegate - Bootstrapping Spring Data JPA repositories in DEFAULT mode.
2025-04-13 23:14:18 INFO  o.s.d.r.c.RepositoryConfigurationDelegate - Finished Spring Data repository scanning in 81 ms. Found 2 JPA repository interfaces.
2025-04-13 23:14:19 INFO  o.s.b.w.e.tomcat.TomcatWebServer - Tomcat initialized with port 8080 (http)
2025-04-13 23:14:19 INFO  o.a.coyote.http11.Http11NioProtocol - Initializing ProtocolHandler ["http-nio-8080"]
2025-04-13 23:14:19 INFO  o.a.catalina.core.StandardService - Starting service [Tomcat]
2025-04-13 23:14:19 INFO  o.a.catalina.core.StandardEngine - Starting Servlet engine: [Apache Tomcat/10.1.39]
2025-04-13 23:14:19 INFO  o.a.c.c.C.[Tomcat].[localhost].[/] - Initializing Spring embedded WebApplicationContext
2025-04-13 23:14:19 INFO  o.s.b.w.s.c.ServletWebServerApplicationContext - Root WebApplicationContext: initialization completed in 2194 ms
2025-04-13 23:14:20 INFO  o.h.jpa.internal.util.LogHelper - HHH000204: Processing PersistenceUnitInfo [name: default]
2025-04-13 23:14:20 INFO  org.hibernate.Version - HHH000412: Hibernate ORM core version 6.5.3.Final
2025-04-13 23:14:20 INFO  o.h.c.i.RegionFactoryInitiator - HHH000026: Second-level cache disabled
2025-04-13 23:14:20 INFO  o.s.o.j.p.SpringPersistenceUnitInfo - No LoadTimeWeaver setup: ignoring JPA class transformer
2025-04-13 23:14:20 INFO  com.zaxxer.hikari.HikariDataSource - HikariPool-1 - Starting...
2025-04-13 23:14:21 INFO  com.zaxxer.hikari.pool.HikariPool - HikariPool-1 - Added connection oracle.jdbc.driver.T4CConnection@3ff5fe8c
2025-04-13 23:14:21 INFO  com.zaxxer.hikari.HikariDataSource - HikariPool-1 - Start completed.
2025-04-13 23:14:21 WARN  org.hibernate.orm.deprecation - HHH90000025: OracleDialect does not need to be specified explicitly using 'hibernate.dialect' (remove the property setting and it will be selected by default)
2025-04-13 23:14:22 INFO  o.h.e.t.j.p.i.JtaPlatformInitiator - HHH000489: No JTA platform available (set 'hibernate.transaction.jta.platform' to enable JTA platform integration)
2025-04-13 23:14:22 INFO  o.s.o.j.LocalContainerEntityManagerFactoryBean - Initialized JPA EntityManagerFactory for persistence unit 'default'
2025-04-13 23:14:22 WARN  o.s.b.a.o.j.JpaBaseConfiguration$JpaWebConfiguration - spring.jpa.open-in-view is enabled by default. Therefore, database queries may be performed during view rendering. Explicitly configure spring.jpa.open-in-view to disable this warning
2025-04-13 23:14:22 INFO  o.s.s.c.a.a.c.InitializeUserDetailsBeanManagerConfigurer$InitializeUserDetailsManagerConfigurer - Global AuthenticationManager configured with UserDetailsService bean with name customUserDetailsService
2025-04-13 23:14:23 INFO  c.example.StartSuit.SecurityConfig - 🔧 Configuring security filter chain
2025-04-13 23:14:23 INFO  c.example.StartSuit.SecurityConfig - 🔧 Configuring security filter chain-- ENDSSS
2025-04-13 23:14:23 INFO  o.s.b.d.a.OptionalLiveReloadServer - LiveReload server is running on port 35729
2025-04-13 23:14:23 INFO  o.a.coyote.http11.Http11NioProtocol - Starting ProtocolHandler ["http-nio-8080"]
2025-04-13 23:14:23 INFO  o.s.b.w.e.tomcat.TomcatWebServer - Tomcat started on port 8080 (http) with context path '/'
2025-04-13 23:14:23 INFO  c.e.StartSuit.StartSuitApplication - Started StartSuitApplication in 6.513 seconds (process running for 7.185)
2025-04-13 23:14:32 INFO  o.a.c.c.C.[Tomcat].[localhost].[/] - Initializing Spring DispatcherServlet 'dispatcherServlet'
2025-04-13 23:14:32 INFO  o.s.web.servlet.DispatcherServlet - Initializing Servlet 'dispatcherServlet'
2025-04-13 23:14:32 INFO  o.s.web.servlet.DispatcherServlet - Completed initialization in 1 ms
2025-04-13 23:14:32 INFO  c.e.S.controller.AuthController - register page ----
2025-04-13 23:14:45 INFO  c.e.S.controller.LoginController - login page ----
2025-04-13 23:15:36 INFO  c.e.S.controller.AuthController - register page ----
2025-04-13 23:16:07 INFO  c.e.S.controller.LoginController - login page ----
2025-04-13 23:16:31 INFO  c.e.S.controller.AuthController - register page ----
2025-04-13 23:16:55 INFO  c.e.S.controller.LoginController - login page ----
2025-04-13 23:17:05 INFO  c.e.S.s.CustomUserDetailsService - entering loadUserByUsername
2025-04-13 23:17:05 INFO  c.e.S.s.CustomUserDetailsService - User found: harshit
2025-04-13 23:17:05 INFO  c.e.S.s.CustomUserDetailsService - Encoded password from DB: $2a$10$DyR1xKi8NXRtwrkJqO0HO.NJxWUnEHaJAWa.SNuG9CXgXGt.wgSgu
2025-04-13 23:17:36 INFO  c.e.S.controller.LoginController - login page ----
